[2024-02-18 19:00:45,176] INFO Starting the log cleaner (kafka.log.LogCleaner)
[2024-02-18 19:00:45,201] INFO [kafka-log-cleaner-thread-0]: Starting (kafka.log.LogCleaner)
[2024-02-18 19:03:31,069] INFO Shutting down the log cleaner. (kafka.log.LogCleaner)
[2024-02-18 19:03:31,069] INFO [kafka-log-cleaner-thread-0]: Shutting down (kafka.log.LogCleaner)
[2024-02-18 19:03:31,070] INFO [kafka-log-cleaner-thread-0]: Stopped (kafka.log.LogCleaner)
[2024-02-18 19:03:31,070] INFO [kafka-log-cleaner-thread-0]: Shutdown completed (kafka.log.LogCleaner)
[2024-02-18 19:03:44,335] INFO Starting the log cleaner (kafka.log.LogCleaner)
[2024-02-18 19:03:44,366] INFO [kafka-log-cleaner-thread-0]: Starting (kafka.log.LogCleaner)
[2024-02-18 19:06:21,746] INFO Shutting down the log cleaner. (kafka.log.LogCleaner)
[2024-02-18 19:06:21,746] INFO [kafka-log-cleaner-thread-0]: Shutting down (kafka.log.LogCleaner)
[2024-02-18 19:06:21,747] INFO [kafka-log-cleaner-thread-0]: Stopped (kafka.log.LogCleaner)
[2024-02-18 19:06:21,747] INFO [kafka-log-cleaner-thread-0]: Shutdown completed (kafka.log.LogCleaner)
[2024-02-18 19:06:54,322] INFO Starting the log cleaner (kafka.log.LogCleaner)
[2024-02-18 19:06:54,367] INFO [kafka-log-cleaner-thread-0]: Starting (kafka.log.LogCleaner)
[2024-02-18 19:08:03,012] INFO Shutting down the log cleaner. (kafka.log.LogCleaner)
[2024-02-18 19:08:03,012] INFO [kafka-log-cleaner-thread-0]: Shutting down (kafka.log.LogCleaner)
[2024-02-18 19:08:03,013] INFO [kafka-log-cleaner-thread-0]: Stopped (kafka.log.LogCleaner)
[2024-02-18 19:08:03,013] INFO [kafka-log-cleaner-thread-0]: Shutdown completed (kafka.log.LogCleaner)
[2024-02-18 19:10:57,787] INFO Starting the log cleaner (kafka.log.LogCleaner)
[2024-02-18 19:10:57,822] INFO [kafka-log-cleaner-thread-0]: Starting (kafka.log.LogCleaner)
[2024-02-18 19:11:56,771] INFO Shutting down the log cleaner. (kafka.log.LogCleaner)
[2024-02-18 19:11:56,771] INFO [kafka-log-cleaner-thread-0]: Shutting down (kafka.log.LogCleaner)
[2024-02-18 19:11:56,771] INFO [kafka-log-cleaner-thread-0]: Stopped (kafka.log.LogCleaner)
[2024-02-18 19:11:56,771] INFO [kafka-log-cleaner-thread-0]: Shutdown completed (kafka.log.LogCleaner)
